{
  "Status": "Success",
  "Timestamp": "2025-07-21 04:51:14",
  "Files": [
    "index.html",
    "manifest.json",
    "sw.js",
    "offline.html",
    "css/main.css",
    "js/main.js",
    "images/*"
  ]
}
{
  "Status": "Success",
  "Timestamp": "2025-07-21 05:23:25",
  "Files": [
    "index.html",
    "manifest.json",
    "sw.js",
    "offline.html",
    "css/main.css",
    "js/main.js",
    "images/*"
  ]
}
2025-07-21 19:41:00 - Deploy completed - Files: index.html manifest.json sw.js offline.html css/style.css js/main.js, Dirs: images css js
2025-07-22 09:12:33 - Deploy completed - Files: index.html manifest.json sw.js offline.html css/style.css js/main.js, Dirs: images css js
2025-07-22 13:51:39 - Deploy completed - Files: index.html manifest.json sw.js offline.html css/style.css js/main.js, Dirs: images css js
2025-07-22 13:56:28 - Deploy completed - Files: index.html manifest.json sw.js offline.html css/style.css js/main.js, Dirs: images css js
2025-07-27 10:47:13 - Deploy completed - Files: index.html manifest.json sw.js offline.html css/style.css js/main.js, Dirs: images css js
