<<<<<<< HEAD
[2025-05-17T04-56-50.381Z] [uncaughtException] getaddrinfo ENOTFOUND japan1192.discord.media
Error: getaddrinfo ENOTFOUND japan1192.discord.media
    at GetAddrInfoReqWrap.onlookupall [as oncomplete] (node:dns:120:26)
    at GetAddrInfoReqWrap.callbackTrampoline (node:internal/async_hooks:130:17)

[2025-05-17T05-24-25.082Z] [uncaughtException] connect ETIMEDOUT 10.0.0.1:443
Error: connect ETIMEDOUT 10.0.0.1:443
    at TCPConnectWrap.afterConnect [as oncomplete] (node:net:1634:16)
    at TCPConnectWrap.callbackTrampoline (node:internal/async_hooks:130:17)

[2025-05-17T18-36-03.665Z] [uncaughtException] getaddrinfo ENOTFOUND japan3512.discord.media
Error: getaddrinfo ENOTFOUND japan3512.discord.media
=======
[2025-05-17T04-57-09.301Z] [uncaughtException] 
AggregateError [ETIMEDOUT]: 
    at internalConnectMultiple (node:net:1139:18)
    at afterConnectMultiple (node:net:1712:7)
    at TCPConnectWrap.callbackTrampoline (node:internal/async_hooks:130:17)

[2025-05-17T05-02-46.640Z] [uncaughtException] getaddrinfo ENOTFOUND japan11041.discord.media
Error: getaddrinfo ENOTFOUND japan11041.discord.media
    at GetAddrInfoReqWrap.onlookupall [as oncomplete] (node:dns:120:26)
    at GetAddrInfoReqWrap.callbackTrampoline (node:internal/async_hooks:130:17)

[2025-05-17T18-36-02.708Z] [uncaughtException] getaddrinfo ENOTFOUND japan11071.discord.media
Error: getaddrinfo ENOTFOUND japan11071.discord.media
    at GetAddrInfoReqWrap.onlookupall [as oncomplete] (node:dns:120:26)
    at GetAddrInfoReqWrap.callbackTrampoline (node:internal/async_hooks:130:17)

[2025-05-17T18-36-08.075Z] [uncaughtException] getaddrinfo ENOTFOUND japan11077.discord.media
Error: getaddrinfo ENOTFOUND japan11077.discord.media
>>>>>>> origin
    at GetAddrInfoReqWrap.onlookupall [as oncomplete] (node:dns:120:26)
    at GetAddrInfoReqWrap.callbackTrampoline (node:internal/async_hooks:130:17)

